<?xml version="1.0" encoding="UTF-8"?>
<!-- Generated by org.testng.reporters.JUnitReportReporter -->
<testsuite hostname="DESKTOP-G3HRM4S" failures="0" tests="3" name="testPackage.TestNG9" time="6.692" errors="0" timestamp="15 Jul 2026 16:28:03 GMT" skipped="0">
  <testcase classname="testPackage.TestNG9" name="enterData" time="0.689"/>
  <testcase classname="testPackage.TestNG9" name="enterData" time="5.468"/>
  <testcase classname="testPackage.TestNG9" name="enterData" time="0.535"/>
</testsuite> <!-- testPackage.TestNG9 -->
