<?xml version="1.0" encoding="UTF-8"?>
<!-- Generated by org.testng.reporters.JUnitReportReporter -->
<testsuite hostname="DESKTOP-G3HRM4S" failures="0" tests="3" name="testPackage.TestNG2" time="0.022" errors="0" timestamp="14 Jul 2026 16:45:38 GMT" skipped="0">
  <testcase classname="testPackage.TestNG2" name="B1" time="0.006"/>
  <testcase classname="testPackage.TestNG2" name="a1" time="0.007"/>
  <testcase classname="testPackage.TestNG2" name="a2" time="0.009"/>
</testsuite> <!-- testPackage.TestNG2 -->
