<?xml version="1.0" encoding="UTF-8"?>
<!-- Generated by org.testng.reporters.JUnitReportReporter -->
<testsuite hostname="DESKTOP-G3HRM4S" failures="0" tests="4" name="testPackage.TestNG4" time="0.019" errors="0" timestamp="14 Jul 2026 16:45:38 GMT" skipped="0">
  <testcase classname="testPackage.TestNG4" name="a" time="0.011"/>
  <testcase classname="testPackage.TestNG4" name="d" time="0.003"/>
  <testcase classname="testPackage.TestNG4" name="c" time="0.001"/>
  <testcase classname="testPackage.TestNG4" name="b" time="0.004"/>
</testsuite> <!-- testPackage.TestNG4 -->
