<?xml version="1.0" encoding="UTF-8"?>
<!-- Generated by org.testng.reporters.JUnitReportReporter -->
<testsuite hostname="DESKTOP-G3HRM4S" failures="0" tests="5" name="testPackage.TestNG5" time="0.028" errors="0" timestamp="14 Jul 2026 16:45:38 GMT" skipped="2">
  <testcase classname="testPackage.TestNG5" name="d" time="0.010"/>
  <testcase classname="testPackage.TestNG5" name="f" time="0.003">
    <skipped/>
  </testcase> <!-- f -->
  <testcase classname="testPackage.TestNG5" name="c" time="0.010"/>
  <testcase classname="testPackage.TestNG5" name="d" time="0.005"/>
  <testcase classname="testPackage.TestNG5" name="b">
    <skipped/>
  </testcase> <!-- b -->
</testsuite> <!-- testPackage.TestNG5 -->
