<?xml version="1.0" encoding="UTF-8"?>
<!-- Generated by org.testng.reporters.JUnitReportReporter -->
<testsuite hostname="DESKTOP-G3HRM4S" failures="0" tests="4" name="testPackage.TestNG3" time="0.019" errors="0" timestamp="14 Jul 2026 16:45:38 GMT" skipped="0">
  <testcase classname="testPackage.TestNG3" name="z" time="0.004"/>
  <testcase classname="testPackage.TestNG3" name="a3" time="0.009"/>
  <testcase classname="testPackage.TestNG3" name="ab" time="0.002"/>
  <testcase classname="testPackage.TestNG3" name="a1" time="0.004"/>
</testsuite> <!-- testPackage.TestNG3 -->
