<?xml version="1.0" encoding="UTF-8"?>
<!-- Generated by org.testng.reporters.JUnitReportReporter -->
<testsuite hostname="DESKTOP-G3HRM4S" failures="0" tests="3" name="testPackage.TestNG6" time="0.009" errors="0" timestamp="14 Jul 2026 16:45:38 GMT" skipped="1">
  <testcase classname="testPackage.TestNG6" name="a" time="0.005"/>
  <testcase classname="testPackage.TestNG6" name="c" time="0.004"/>
  <testcase classname="testPackage.TestNG6" name="b">
    <skipped/>
  </testcase> <!-- b -->
</testsuite> <!-- testPackage.TestNG6 -->
