<?xml version="1.0" encoding="UTF-8"?>
<!-- Generated by org.testng.reporters.JUnitXMLReporter -->
<testsuite ignored="2" hostname="DESKTOP-G3HRM4S" failures="1" tests="23" name="Test" time="1.496" errors="0" timestamp="14 Jul 2026 16:45:38 GMT">
  <testcase classname="testPackage.TestNG4" name="a" time="0.011"/>
  <testcase classname="testPackage.TestNG6" name="a" time="0.005"/>
  <testcase classname="testPackage.TestNG6" name="c" time="0.004"/>
  <testcase classname="testPackage.TestNG5" name="f" time="0.003">
    <skipped/>
  </testcase> <!-- f -->
  <testcase classname="testPackage.TestNG5" name="c" time="0.01"/>
  <testcase classname="testPackage.TestNG5" name="d" time="0.005"/>
  <testcase classname="testPackage.TestNG5" name="d" time="0.01"/>
  <testcase classname="testPackage.TestNG7" name="a" time="0.007"/>
  <testcase classname="testPackage.TestNG7" name="c" time="0.004">
    <failure type="java.lang.AssertionError" message="expected [true] but found [false]">
      <![CDATA[java.lang.AssertionError: expected [true] but found [false]
at testPackage.TestNG7.c(TestNG7.java:22)
... Removed 29 stack frames]]>
    </failure>
  </testcase> <!-- c -->
  <testcase classname="testPackage.TestNG7" name="b" time="0.001"/>
  <testcase classname="testPackage.TestNG7" name="d" time="0.0">
    <skipped/>
  </testcase> <!-- d -->
  <testcase classname="testPackage.TestNG7" name="e" time="0.001"/>
  <testcase classname="testPackage.TestNG4" name="c" time="0.001"/>
  <testcase classname="testPackage.TestNG4" name="d" time="0.003"/>
  <testcase classname="testPackage.TestNG3" name="a1" time="0.004"/>
  <testcase classname="testPackage.TestNG3" name="a3" time="0.009"/>
  <testcase classname="testPackage.TestNG3" name="ab" time="0.002"/>
  <testcase classname="testPackage.TestNG3" name="z" time="0.004"/>
  <testcase classname="testPackage.TestNG2" name="B1" time="0.004"/>
  <testcase classname="testPackage.TestNG2" name="a1" time="0.003"/>
  <testcase classname="testPackage.TestNG2" name="a2" time="0.007"/>
  <testcase classname="testPackage.TestNG1" name="testMethod" time="0.004"/>
  <testcase classname="testPackage.TestNG4" name="b" time="0.004"/>
  <testcase classname="testPackage.TestNG5" name="b" time="0.0">
    <ignored/>
  </testcase> <!-- b -->
  <testcase classname="testPackage.TestNG6" name="b" time="0.0">
    <ignored/>
  </testcase> <!-- b -->
</testsuite> <!-- Test -->
